e
er
er
ewr
w
er
wer
we
rwe
s
erg
sh
d
jd
hj
df
ghs
fh
dj
dgh
kgh
kdg
k
f
kf
asdasdasd
asdasdasd
asdasdasd
asdasdasd
asdasdasd
asdasdasd
asdasdasd
asdasdasd
asdasdasd
asdasdasd
asdasdasd
asdasdasd
asdasdasd
asdasdasd
asdasdasd
asdasdasd
asdasdasd
asdasdasd
asdasdasd
asdasdasd
asdasdasd
asdasdasd
asdasdasd
asdasdasd
asdasdasd
asdasdasd
asdasdasd
asdasdasd
asdasdasd
asdasdasd
asdasdasd
asdassdasd
asdassdasd
asdassdasd
asdassdasd
asdassdasd
asdassdasd
asdassdasd
asdassdasd
asdassdasd
asdassdasd
asdassdasd
asdassdasd
asdassdasd
asdassdasd
asdassdasd
asdassdasd
asdassdasd
asdassdasd
asdassdasd
asdassdasd
asdassdasd
asdassdasd
asdassdasd
asdassdasd
asdassdasd
asdassdasd
asdassdasd
asdassdasd
asdassdasd
asdassdasd
asdassdasd
asdassdasd
asdassdasd
asdassdasd
asdassdasd
asdassdasd
asdassdasd
asdassdasd
asdassdasd
asdassdasd
asdassdasd
asdassdasd
asdassdasd
asdassdasd
asdassdasd
asdassdasd
asdassdasd
asdassdasd
asdassdasd
asdassdasd
asdassdasd
asdassdasd
asdassdasd
asdassdasd
asdassdasd
asdassdasd
